<?xml version="1.0" encoding="UTF-8"?>
<testsuite xmlns:xsi="http://www.w3.org/2001/XMLSchema-instance" xsi:noNamespaceSchemaLocation="https://maven.apache.org/surefire/maven-surefire-plugin/xsd/surefire-test-report.xsd" name="TestSuite" time="9.552" tests="9" errors="0" skipped="0" failures="1">
  <properties>
    <property name="sun.desktop" value="windows"/>
    <property name="awt.toolkit" value="sun.awt.windows.WToolkit"/>
    <property name="file.encoding.pkg" value="sun.io"/>
    <property name="java.specification.version" value="1.8"/>
    <property name="sun.cpu.isalist" value="amd64"/>
    <property name="sun.jnu.encoding" value="GBK"/>
    <property name="java.class.path" value="D:\Java_dianshang2\target\test-classes;D:\Java_dianshang2\target\classes;D:\JetBrains\IntelliJ IDEA 2021.3\apache-maven-3.8.4\repo\com\alibaba\fastjson\1.2.78\fastjson-1.2.78.jar;D:\JetBrains\IntelliJ IDEA 2021.3\apache-maven-3.8.4\repo\cn\afterturn\easypoi-annotation\4.2.0\easypoi-annotation-4.2.0.jar;D:\JetBrains\IntelliJ IDEA 2021.3\apache-maven-3.8.4\repo\cn\afterturn\easypoi-base\4.2.0\easypoi-base-4.2.0.jar;D:\JetBrains\IntelliJ IDEA 2021.3\apache-maven-3.8.4\repo\org\apache\poi\poi\4.1.1\poi-4.1.1.jar;D:\JetBrains\IntelliJ IDEA 2021.3\apache-maven-3.8.4\repo\commons-codec\commons-codec\1.13\commons-codec-1.13.jar;D:\JetBrains\IntelliJ IDEA 2021.3\apache-maven-3.8.4\repo\org\apache\commons\commons-collections4\4.4\commons-collections4-4.4.jar;D:\JetBrains\IntelliJ IDEA 2021.3\apache-maven-3.8.4\repo\org\apache\commons\commons-math3\3.6.1\commons-math3-3.6.1.jar;D:\JetBrains\IntelliJ IDEA 2021.3\apache-maven-3.8.4\repo\org\apache\poi\poi-ooxml\4.1.1\poi-ooxml-4.1.1.jar;D:\JetBrains\IntelliJ IDEA 2021.3\apache-maven-3.8.4\repo\org\apache\commons\commons-compress\1.19\commons-compress-1.19.jar;D:\JetBrains\IntelliJ IDEA 2021.3\apache-maven-3.8.4\repo\com\github\virtuald\curvesapi\1.06\curvesapi-1.06.jar;D:\JetBrains\IntelliJ IDEA 2021.3\apache-maven-3.8.4\repo\org\apache\poi\poi-ooxml-schemas\4.1.1\poi-ooxml-schemas-4.1.1.jar;D:\JetBrains\IntelliJ IDEA 2021.3\apache-maven-3.8.4\repo\org\apache\xmlbeans\xmlbeans\3.1.0\xmlbeans-3.1.0.jar;D:\JetBrains\IntelliJ IDEA 2021.3\apache-maven-3.8.4\repo\com\google\guava\guava\16.0.1\guava-16.0.1.jar;D:\JetBrains\IntelliJ IDEA 2021.3\apache-maven-3.8.4\repo\org\apache\commons\commons-lang3\3.2.1\commons-lang3-3.2.1.jar;D:\JetBrains\IntelliJ IDEA 2021.3\apache-maven-3.8.4\repo\ognl\ognl\3.2.6\ognl-3.2.6.jar;D:\JetBrains\IntelliJ IDEA 2021.3\apache-maven-3.8.4\repo\org\javassist\javassist\3.20.0-GA\javassist-3.20.0-GA.jar;D:\JetBrains\IntelliJ IDEA 2021.3\apache-maven-3.8.4\repo\org\slf4j\slf4j-api\1.6.1\slf4j-api-1.6.1.jar;D:\JetBrains\IntelliJ IDEA 2021.3\apache-maven-3.8.4\repo\javax\validation\validation-api\1.1.0.Final\validation-api-1.1.0.Final.jar;D:\JetBrains\IntelliJ IDEA 2021.3\apache-maven-3.8.4\repo\io\rest-assured\rest-assured\4.4.0\rest-assured-4.4.0.jar;D:\JetBrains\IntelliJ IDEA 2021.3\apache-maven-3.8.4\repo\org\codehaus\groovy\groovy\3.0.8\groovy-3.0.8.jar;D:\JetBrains\IntelliJ IDEA 2021.3\apache-maven-3.8.4\repo\org\codehaus\groovy\groovy-xml\3.0.8\groovy-xml-3.0.8.jar;D:\JetBrains\IntelliJ IDEA 2021.3\apache-maven-3.8.4\repo\org\apache\httpcomponents\httpclient\4.5.13\httpclient-4.5.13.jar;D:\JetBrains\IntelliJ IDEA 2021.3\apache-maven-3.8.4\repo\org\apache\httpcomponents\httpcore\4.4.13\httpcore-4.4.13.jar;D:\JetBrains\IntelliJ IDEA 2021.3\apache-maven-3.8.4\repo\commons-logging\commons-logging\1.2\commons-logging-1.2.jar;D:\JetBrains\IntelliJ IDEA 2021.3\apache-maven-3.8.4\repo\org\apache\httpcomponents\httpmime\4.5.13\httpmime-4.5.13.jar;D:\JetBrains\IntelliJ IDEA 2021.3\apache-maven-3.8.4\repo\org\hamcrest\hamcrest\2.1\hamcrest-2.1.jar;D:\JetBrains\IntelliJ IDEA 2021.3\apache-maven-3.8.4\repo\org\ccil\cowan\tagsoup\tagsoup\1.2.1\tagsoup-1.2.1.jar;D:\JetBrains\IntelliJ IDEA 2021.3\apache-maven-3.8.4\repo\io\rest-assured\json-path\4.4.0\json-path-4.4.0.jar;D:\JetBrains\IntelliJ IDEA 2021.3\apache-maven-3.8.4\repo\org\codehaus\groovy\groovy-json\3.0.8\groovy-json-3.0.8.jar;D:\JetBrains\IntelliJ IDEA 2021.3\apache-maven-3.8.4\repo\io\rest-assured\rest-assured-common\4.4.0\rest-assured-common-4.4.0.jar;D:\JetBrains\IntelliJ IDEA 2021.3\apache-maven-3.8.4\repo\io\rest-assured\xml-path\4.4.0\xml-path-4.4.0.jar;D:\JetBrains\IntelliJ IDEA 2021.3\apache-maven-3.8.4\repo\jakarta\xml\bind\jakarta.xml.bind-api\2.3.3\jakarta.xml.bind-api-2.3.3.jar;D:\JetBrains\IntelliJ IDEA 2021.3\apache-maven-3.8.4\repo\jakarta\activation\jakarta.activation-api\1.2.2\jakarta.activation-api-1.2.2.jar;D:\JetBrains\IntelliJ IDEA 2021.3\apache-maven-3.8.4\repo\com\sun\xml\bind\jaxb-impl\2.3.3\jaxb-impl-2.3.3.jar;D:\JetBrains\IntelliJ IDEA 2021.3\apache-maven-3.8.4\repo\org\testng\testng\7.0.0\testng-7.0.0.jar;D:\JetBrains\IntelliJ IDEA 2021.3\apache-maven-3.8.4\repo\com\beust\jcommander\1.72\jcommander-1.72.jar;D:\JetBrains\IntelliJ IDEA 2021.3\apache-maven-3.8.4\repo\io\qameta\allure\allure-testng\2.12.1\allure-testng-2.12.1.jar;D:\JetBrains\IntelliJ IDEA 2021.3\apache-maven-3.8.4\repo\io\qameta\allure\allure-java-commons\2.12.1\allure-java-commons-2.12.1.jar;D:\JetBrains\IntelliJ IDEA 2021.3\apache-maven-3.8.4\repo\io\qameta\allure\allure-model\2.12.1\allure-model-2.12.1.jar;D:\JetBrains\IntelliJ IDEA 2021.3\apache-maven-3.8.4\repo\com\fasterxml\jackson\core\jackson-databind\2.9.8\jackson-databind-2.9.8.jar;D:\JetBrains\IntelliJ IDEA 2021.3\apache-maven-3.8.4\repo\com\fasterxml\jackson\core\jackson-annotations\2.9.0\jackson-annotations-2.9.0.jar;D:\JetBrains\IntelliJ IDEA 2021.3\apache-maven-3.8.4\repo\com\fasterxml\jackson\core\jackson-core\2.9.8\jackson-core-2.9.8.jar;D:\JetBrains\IntelliJ IDEA 2021.3\apache-maven-3.8.4\repo\org\apache\tika\tika-core\1.20\tika-core-1.20.jar;D:\JetBrains\IntelliJ IDEA 2021.3\apache-maven-3.8.4\repo\org\jooq\joor-java-8\0.9.10\joor-java-8-0.9.10.jar;D:\JetBrains\IntelliJ IDEA 2021.3\apache-maven-3.8.4\repo\org\apache\maven\plugins\maven-compiler-plugin\3.8.1\maven-compiler-plugin-3.8.1.jar;D:\JetBrains\IntelliJ IDEA 2021.3\apache-maven-3.8.4\repo\org\apache\maven\maven-plugin-api\3.0\maven-plugin-api-3.0.jar;D:\JetBrains\IntelliJ IDEA 2021.3\apache-maven-3.8.4\repo\org\apache\maven\maven-model\3.0\maven-model-3.0.jar;D:\JetBrains\IntelliJ IDEA 2021.3\apache-maven-3.8.4\repo\org\sonatype\sisu\sisu-inject-plexus\1.4.2\sisu-inject-plexus-1.4.2.jar;D:\JetBrains\IntelliJ IDEA 2021.3\apache-maven-3.8.4\repo\org\sonatype\sisu\sisu-inject-bean\1.4.2\sisu-inject-bean-1.4.2.jar;D:\JetBrains\IntelliJ IDEA 2021.3\apache-maven-3.8.4\repo\org\sonatype\sisu\sisu-guice\2.1.7\sisu-guice-2.1.7-noaop.jar;D:\JetBrains\IntelliJ IDEA 2021.3\apache-maven-3.8.4\repo\org\apache\maven\maven-artifact\3.0\maven-artifact-3.0.jar;D:\JetBrains\IntelliJ IDEA 2021.3\apache-maven-3.8.4\repo\org\codehaus\plexus\plexus-utils\2.0.4\plexus-utils-2.0.4.jar;D:\JetBrains\IntelliJ IDEA 2021.3\apache-maven-3.8.4\repo\org\apache\maven\maven-core\3.0\maven-core-3.0.jar;D:\JetBrains\IntelliJ IDEA 2021.3\apache-maven-3.8.4\repo\org\apache\maven\maven-settings\3.0\maven-settings-3.0.jar;D:\JetBrains\IntelliJ IDEA 2021.3\apache-maven-3.8.4\repo\org\apache\maven\maven-settings-builder\3.0\maven-settings-builder-3.0.jar;D:\JetBrains\IntelliJ IDEA 2021.3\apache-maven-3.8.4\repo\org\apache\maven\maven-repository-metadata\3.0\maven-repository-metadata-3.0.jar;D:\JetBrains\IntelliJ IDEA 2021.3\apache-maven-3.8.4\repo\org\apache\maven\maven-model-builder\3.0\maven-model-builder-3.0.jar;D:\JetBrains\IntelliJ IDEA 2021.3\apache-maven-3.8.4\repo\org\apache\maven\maven-aether-provider\3.0\maven-aether-provider-3.0.jar;D:\JetBrains\IntelliJ IDEA 2021.3\apache-maven-3.8.4\repo\org\sonatype\aether\aether-impl\1.7\aether-impl-1.7.jar;D:\JetBrains\IntelliJ IDEA 2021.3\apache-maven-3.8.4\repo\org\sonatype\aether\aether-spi\1.7\aether-spi-1.7.jar;D:\JetBrains\IntelliJ IDEA 2021.3\apache-maven-3.8.4\repo\org\sonatype\aether\aether-api\1.7\aether-api-1.7.jar;D:\JetBrains\IntelliJ IDEA 2021.3\apache-maven-3.8.4\repo\org\sonatype\aether\aether-util\1.7\aether-util-1.7.jar;D:\JetBrains\IntelliJ IDEA 2021.3\apache-maven-3.8.4\repo\org\codehaus\plexus\plexus-interpolation\1.14\plexus-interpolation-1.14.jar;D:\JetBrains\IntelliJ IDEA 2021.3\apache-maven-3.8.4\repo\org\codehaus\plexus\plexus-classworlds\2.2.3\plexus-classworlds-2.2.3.jar;D:\JetBrains\IntelliJ IDEA 2021.3\apache-maven-3.8.4\repo\org\codehaus\plexus\plexus-component-annotations\1.5.5\plexus-component-annotations-1.5.5.jar;D:\JetBrains\IntelliJ IDEA 2021.3\apache-maven-3.8.4\repo\org\sonatype\plexus\plexus-sec-dispatcher\1.3\plexus-sec-dispatcher-1.3.jar;D:\JetBrains\IntelliJ IDEA 2021.3\apache-maven-3.8.4\repo\org\sonatype\plexus\plexus-cipher\1.4\plexus-cipher-1.4.jar;D:\JetBrains\IntelliJ IDEA 2021.3\apache-maven-3.8.4\repo\org\apache\maven\shared\maven-shared-utils\3.2.1\maven-shared-utils-3.2.1.jar;D:\JetBrains\IntelliJ IDEA 2021.3\apache-maven-3.8.4\repo\commons-io\commons-io\2.5\commons-io-2.5.jar;D:\JetBrains\IntelliJ IDEA 2021.3\apache-maven-3.8.4\repo\org\apache\maven\shared\maven-shared-incremental\1.1\maven-shared-incremental-1.1.jar;D:\JetBrains\IntelliJ IDEA 2021.3\apache-maven-3.8.4\repo\org\codehaus\plexus\plexus-java\0.9.10\plexus-java-0.9.10.jar;D:\JetBrains\IntelliJ IDEA 2021.3\apache-maven-3.8.4\repo\org\ow2\asm\asm\6.2\asm-6.2.jar;D:\JetBrains\IntelliJ IDEA 2021.3\apache-maven-3.8.4\repo\com\thoughtworks\qdox\qdox\2.0-M8\qdox-2.0-M8.jar;D:\JetBrains\IntelliJ IDEA 2021.3\apache-maven-3.8.4\repo\org\codehaus\plexus\plexus-compiler-api\2.8.4\plexus-compiler-api-2.8.4.jar;D:\JetBrains\IntelliJ IDEA 2021.3\apache-maven-3.8.4\repo\org\codehaus\plexus\plexus-compiler-manager\2.8.4\plexus-compiler-manager-2.8.4.jar;D:\JetBrains\IntelliJ IDEA 2021.3\apache-maven-3.8.4\repo\org\codehaus\plexus\plexus-compiler-javac\2.8.4\plexus-compiler-javac-2.8.4.jar;D:\JetBrains\IntelliJ IDEA 2021.3\apache-maven-3.8.4\repo\mysql\mysql-connector-java\5.1.38\mysql-connector-java-5.1.38.jar;D:\JetBrains\IntelliJ IDEA 2021.3\apache-maven-3.8.4\repo\commons-dbutils\commons-dbutils\1.6\commons-dbutils-1.6.jar;D:\JetBrains\IntelliJ IDEA 2021.3\apache-maven-3.8.4\repo\com\github\javafaker\javafaker\1.0.2\javafaker-1.0.2.jar;D:\JetBrains\IntelliJ IDEA 2021.3\apache-maven-3.8.4\repo\org\yaml\snakeyaml\1.23\snakeyaml-1.23-android.jar;D:\JetBrains\IntelliJ IDEA 2021.3\apache-maven-3.8.4\repo\com\github\mifmif\generex\1.0.2\generex-1.0.2.jar;D:\JetBrains\IntelliJ IDEA 2021.3\apache-maven-3.8.4\repo\dk\brics\automaton\automaton\1.11-8\automaton-1.11-8.jar;D:\JetBrains\IntelliJ IDEA 2021.3\apache-maven-3.8.4\repo\org\slf4j\slf4j-simple\2.0.0-alpha5\slf4j-simple-2.0.0-alpha5.jar;"/>
    <property name="java.vm.vendor" value="Oracle Corporation"/>
    <property name="sun.arch.data.model" value="64"/>
    <property name="user.variant" value=""/>
    <property name="java.vendor.url" value="http://java.oracle.com/"/>
    <property name="user.timezone" value="Asia/Shanghai"/>
    <property name="java.vm.specification.version" value="1.8"/>
    <property name="os.name" value="Windows 10"/>
    <property name="user.country" value="CN"/>
    <property name="sun.java.launcher" value="SUN_STANDARD"/>
    <property name="sun.boot.library.path" value="D:\Java\jdk1.8.0_311\jre\bin"/>
    <property name="sun.java.command" value="C:\Users\ADMINI~1\AppData\Local\Temp\surefire126917281192468078\surefirebooter8336575914269357276.jar C:\Users\Administrator\AppData\Local\Temp\surefire126917281192468078 2022-01-21T16-43-16_164-jvmRun1 surefire5425281429938387879tmp surefire_0158879533626704923tmp"/>
    <property name="surefire.test.class.path" value="D:\Java_dianshang2\target\test-classes;D:\Java_dianshang2\target\classes;D:\JetBrains\IntelliJ IDEA 2021.3\apache-maven-3.8.4\repo\com\alibaba\fastjson\1.2.78\fastjson-1.2.78.jar;D:\JetBrains\IntelliJ IDEA 2021.3\apache-maven-3.8.4\repo\cn\afterturn\easypoi-annotation\4.2.0\easypoi-annotation-4.2.0.jar;D:\JetBrains\IntelliJ IDEA 2021.3\apache-maven-3.8.4\repo\cn\afterturn\easypoi-base\4.2.0\easypoi-base-4.2.0.jar;D:\JetBrains\IntelliJ IDEA 2021.3\apache-maven-3.8.4\repo\org\apache\poi\poi\4.1.1\poi-4.1.1.jar;D:\JetBrains\IntelliJ IDEA 2021.3\apache-maven-3.8.4\repo\commons-codec\commons-codec\1.13\commons-codec-1.13.jar;D:\JetBrains\IntelliJ IDEA 2021.3\apache-maven-3.8.4\repo\org\apache\commons\commons-collections4\4.4\commons-collections4-4.4.jar;D:\JetBrains\IntelliJ IDEA 2021.3\apache-maven-3.8.4\repo\org\apache\commons\commons-math3\3.6.1\commons-math3-3.6.1.jar;D:\JetBrains\IntelliJ IDEA 2021.3\apache-maven-3.8.4\repo\org\apache\poi\poi-ooxml\4.1.1\poi-ooxml-4.1.1.jar;D:\JetBrains\IntelliJ IDEA 2021.3\apache-maven-3.8.4\repo\org\apache\commons\commons-compress\1.19\commons-compress-1.19.jar;D:\JetBrains\IntelliJ IDEA 2021.3\apache-maven-3.8.4\repo\com\github\virtuald\curvesapi\1.06\curvesapi-1.06.jar;D:\JetBrains\IntelliJ IDEA 2021.3\apache-maven-3.8.4\repo\org\apache\poi\poi-ooxml-schemas\4.1.1\poi-ooxml-schemas-4.1.1.jar;D:\JetBrains\IntelliJ IDEA 2021.3\apache-maven-3.8.4\repo\org\apache\xmlbeans\xmlbeans\3.1.0\xmlbeans-3.1.0.jar;D:\JetBrains\IntelliJ IDEA 2021.3\apache-maven-3.8.4\repo\com\google\guava\guava\16.0.1\guava-16.0.1.jar;D:\JetBrains\IntelliJ IDEA 2021.3\apache-maven-3.8.4\repo\org\apache\commons\commons-lang3\3.2.1\commons-lang3-3.2.1.jar;D:\JetBrains\IntelliJ IDEA 2021.3\apache-maven-3.8.4\repo\ognl\ognl\3.2.6\ognl-3.2.6.jar;D:\JetBrains\IntelliJ IDEA 2021.3\apache-maven-3.8.4\repo\org\javassist\javassist\3.20.0-GA\javassist-3.20.0-GA.jar;D:\JetBrains\IntelliJ IDEA 2021.3\apache-maven-3.8.4\repo\org\slf4j\slf4j-api\1.6.1\slf4j-api-1.6.1.jar;D:\JetBrains\IntelliJ IDEA 2021.3\apache-maven-3.8.4\repo\javax\validation\validation-api\1.1.0.Final\validation-api-1.1.0.Final.jar;D:\JetBrains\IntelliJ IDEA 2021.3\apache-maven-3.8.4\repo\io\rest-assured\rest-assured\4.4.0\rest-assured-4.4.0.jar;D:\JetBrains\IntelliJ IDEA 2021.3\apache-maven-3.8.4\repo\org\codehaus\groovy\groovy\3.0.8\groovy-3.0.8.jar;D:\JetBrains\IntelliJ IDEA 2021.3\apache-maven-3.8.4\repo\org\codehaus\groovy\groovy-xml\3.0.8\groovy-xml-3.0.8.jar;D:\JetBrains\IntelliJ IDEA 2021.3\apache-maven-3.8.4\repo\org\apache\httpcomponents\httpclient\4.5.13\httpclient-4.5.13.jar;D:\JetBrains\IntelliJ IDEA 2021.3\apache-maven-3.8.4\repo\org\apache\httpcomponents\httpcore\4.4.13\httpcore-4.4.13.jar;D:\JetBrains\IntelliJ IDEA 2021.3\apache-maven-3.8.4\repo\commons-logging\commons-logging\1.2\commons-logging-1.2.jar;D:\JetBrains\IntelliJ IDEA 2021.3\apache-maven-3.8.4\repo\org\apache\httpcomponents\httpmime\4.5.13\httpmime-4.5.13.jar;D:\JetBrains\IntelliJ IDEA 2021.3\apache-maven-3.8.4\repo\org\hamcrest\hamcrest\2.1\hamcrest-2.1.jar;D:\JetBrains\IntelliJ IDEA 2021.3\apache-maven-3.8.4\repo\org\ccil\cowan\tagsoup\tagsoup\1.2.1\tagsoup-1.2.1.jar;D:\JetBrains\IntelliJ IDEA 2021.3\apache-maven-3.8.4\repo\io\rest-assured\json-path\4.4.0\json-path-4.4.0.jar;D:\JetBrains\IntelliJ IDEA 2021.3\apache-maven-3.8.4\repo\org\codehaus\groovy\groovy-json\3.0.8\groovy-json-3.0.8.jar;D:\JetBrains\IntelliJ IDEA 2021.3\apache-maven-3.8.4\repo\io\rest-assured\rest-assured-common\4.4.0\rest-assured-common-4.4.0.jar;D:\JetBrains\IntelliJ IDEA 2021.3\apache-maven-3.8.4\repo\io\rest-assured\xml-path\4.4.0\xml-path-4.4.0.jar;D:\JetBrains\IntelliJ IDEA 2021.3\apache-maven-3.8.4\repo\jakarta\xml\bind\jakarta.xml.bind-api\2.3.3\jakarta.xml.bind-api-2.3.3.jar;D:\JetBrains\IntelliJ IDEA 2021.3\apache-maven-3.8.4\repo\jakarta\activation\jakarta.activation-api\1.2.2\jakarta.activation-api-1.2.2.jar;D:\JetBrains\IntelliJ IDEA 2021.3\apache-maven-3.8.4\repo\com\sun\xml\bind\jaxb-impl\2.3.3\jaxb-impl-2.3.3.jar;D:\JetBrains\IntelliJ IDEA 2021.3\apache-maven-3.8.4\repo\org\testng\testng\7.0.0\testng-7.0.0.jar;D:\JetBrains\IntelliJ IDEA 2021.3\apache-maven-3.8.4\repo\com\beust\jcommander\1.72\jcommander-1.72.jar;D:\JetBrains\IntelliJ IDEA 2021.3\apache-maven-3.8.4\repo\io\qameta\allure\allure-testng\2.12.1\allure-testng-2.12.1.jar;D:\JetBrains\IntelliJ IDEA 2021.3\apache-maven-3.8.4\repo\io\qameta\allure\allure-java-commons\2.12.1\allure-java-commons-2.12.1.jar;D:\JetBrains\IntelliJ IDEA 2021.3\apache-maven-3.8.4\repo\io\qameta\allure\allure-model\2.12.1\allure-model-2.12.1.jar;D:\JetBrains\IntelliJ IDEA 2021.3\apache-maven-3.8.4\repo\com\fasterxml\jackson\core\jackson-databind\2.9.8\jackson-databind-2.9.8.jar;D:\JetBrains\IntelliJ IDEA 2021.3\apache-maven-3.8.4\repo\com\fasterxml\jackson\core\jackson-annotations\2.9.0\jackson-annotations-2.9.0.jar;D:\JetBrains\IntelliJ IDEA 2021.3\apache-maven-3.8.4\repo\com\fasterxml\jackson\core\jackson-core\2.9.8\jackson-core-2.9.8.jar;D:\JetBrains\IntelliJ IDEA 2021.3\apache-maven-3.8.4\repo\org\apache\tika\tika-core\1.20\tika-core-1.20.jar;D:\JetBrains\IntelliJ IDEA 2021.3\apache-maven-3.8.4\repo\org\jooq\joor-java-8\0.9.10\joor-java-8-0.9.10.jar;D:\JetBrains\IntelliJ IDEA 2021.3\apache-maven-3.8.4\repo\org\apache\maven\plugins\maven-compiler-plugin\3.8.1\maven-compiler-plugin-3.8.1.jar;D:\JetBrains\IntelliJ IDEA 2021.3\apache-maven-3.8.4\repo\org\apache\maven\maven-plugin-api\3.0\maven-plugin-api-3.0.jar;D:\JetBrains\IntelliJ IDEA 2021.3\apache-maven-3.8.4\repo\org\apache\maven\maven-model\3.0\maven-model-3.0.jar;D:\JetBrains\IntelliJ IDEA 2021.3\apache-maven-3.8.4\repo\org\sonatype\sisu\sisu-inject-plexus\1.4.2\sisu-inject-plexus-1.4.2.jar;D:\JetBrains\IntelliJ IDEA 2021.3\apache-maven-3.8.4\repo\org\sonatype\sisu\sisu-inject-bean\1.4.2\sisu-inject-bean-1.4.2.jar;D:\JetBrains\IntelliJ IDEA 2021.3\apache-maven-3.8.4\repo\org\sonatype\sisu\sisu-guice\2.1.7\sisu-guice-2.1.7-noaop.jar;D:\JetBrains\IntelliJ IDEA 2021.3\apache-maven-3.8.4\repo\org\apache\maven\maven-artifact\3.0\maven-artifact-3.0.jar;D:\JetBrains\IntelliJ IDEA 2021.3\apache-maven-3.8.4\repo\org\codehaus\plexus\plexus-utils\2.0.4\plexus-utils-2.0.4.jar;D:\JetBrains\IntelliJ IDEA 2021.3\apache-maven-3.8.4\repo\org\apache\maven\maven-core\3.0\maven-core-3.0.jar;D:\JetBrains\IntelliJ IDEA 2021.3\apache-maven-3.8.4\repo\org\apache\maven\maven-settings\3.0\maven-settings-3.0.jar;D:\JetBrains\IntelliJ IDEA 2021.3\apache-maven-3.8.4\repo\org\apache\maven\maven-settings-builder\3.0\maven-settings-builder-3.0.jar;D:\JetBrains\IntelliJ IDEA 2021.3\apache-maven-3.8.4\repo\org\apache\maven\maven-repository-metadata\3.0\maven-repository-metadata-3.0.jar;D:\JetBrains\IntelliJ IDEA 2021.3\apache-maven-3.8.4\repo\org\apache\maven\maven-model-builder\3.0\maven-model-builder-3.0.jar;D:\JetBrains\IntelliJ IDEA 2021.3\apache-maven-3.8.4\repo\org\apache\maven\maven-aether-provider\3.0\maven-aether-provider-3.0.jar;D:\JetBrains\IntelliJ IDEA 2021.3\apache-maven-3.8.4\repo\org\sonatype\aether\aether-impl\1.7\aether-impl-1.7.jar;D:\JetBrains\IntelliJ IDEA 2021.3\apache-maven-3.8.4\repo\org\sonatype\aether\aether-spi\1.7\aether-spi-1.7.jar;D:\JetBrains\IntelliJ IDEA 2021.3\apache-maven-3.8.4\repo\org\sonatype\aether\aether-api\1.7\aether-api-1.7.jar;D:\JetBrains\IntelliJ IDEA 2021.3\apache-maven-3.8.4\repo\org\sonatype\aether\aether-util\1.7\aether-util-1.7.jar;D:\JetBrains\IntelliJ IDEA 2021.3\apache-maven-3.8.4\repo\org\codehaus\plexus\plexus-interpolation\1.14\plexus-interpolation-1.14.jar;D:\JetBrains\IntelliJ IDEA 2021.3\apache-maven-3.8.4\repo\org\codehaus\plexus\plexus-classworlds\2.2.3\plexus-classworlds-2.2.3.jar;D:\JetBrains\IntelliJ IDEA 2021.3\apache-maven-3.8.4\repo\org\codehaus\plexus\plexus-component-annotations\1.5.5\plexus-component-annotations-1.5.5.jar;D:\JetBrains\IntelliJ IDEA 2021.3\apache-maven-3.8.4\repo\org\sonatype\plexus\plexus-sec-dispatcher\1.3\plexus-sec-dispatcher-1.3.jar;D:\JetBrains\IntelliJ IDEA 2021.3\apache-maven-3.8.4\repo\org\sonatype\plexus\plexus-cipher\1.4\plexus-cipher-1.4.jar;D:\JetBrains\IntelliJ IDEA 2021.3\apache-maven-3.8.4\repo\org\apache\maven\shared\maven-shared-utils\3.2.1\maven-shared-utils-3.2.1.jar;D:\JetBrains\IntelliJ IDEA 2021.3\apache-maven-3.8.4\repo\commons-io\commons-io\2.5\commons-io-2.5.jar;D:\JetBrains\IntelliJ IDEA 2021.3\apache-maven-3.8.4\repo\org\apache\maven\shared\maven-shared-incremental\1.1\maven-shared-incremental-1.1.jar;D:\JetBrains\IntelliJ IDEA 2021.3\apache-maven-3.8.4\repo\org\codehaus\plexus\plexus-java\0.9.10\plexus-java-0.9.10.jar;D:\JetBrains\IntelliJ IDEA 2021.3\apache-maven-3.8.4\repo\org\ow2\asm\asm\6.2\asm-6.2.jar;D:\JetBrains\IntelliJ IDEA 2021.3\apache-maven-3.8.4\repo\com\thoughtworks\qdox\qdox\2.0-M8\qdox-2.0-M8.jar;D:\JetBrains\IntelliJ IDEA 2021.3\apache-maven-3.8.4\repo\org\codehaus\plexus\plexus-compiler-api\2.8.4\plexus-compiler-api-2.8.4.jar;D:\JetBrains\IntelliJ IDEA 2021.3\apache-maven-3.8.4\repo\org\codehaus\plexus\plexus-compiler-manager\2.8.4\plexus-compiler-manager-2.8.4.jar;D:\JetBrains\IntelliJ IDEA 2021.3\apache-maven-3.8.4\repo\org\codehaus\plexus\plexus-compiler-javac\2.8.4\plexus-compiler-javac-2.8.4.jar;D:\JetBrains\IntelliJ IDEA 2021.3\apache-maven-3.8.4\repo\mysql\mysql-connector-java\5.1.38\mysql-connector-java-5.1.38.jar;D:\JetBrains\IntelliJ IDEA 2021.3\apache-maven-3.8.4\repo\commons-dbutils\commons-dbutils\1.6\commons-dbutils-1.6.jar;D:\JetBrains\IntelliJ IDEA 2021.3\apache-maven-3.8.4\repo\com\github\javafaker\javafaker\1.0.2\javafaker-1.0.2.jar;D:\JetBrains\IntelliJ IDEA 2021.3\apache-maven-3.8.4\repo\org\yaml\snakeyaml\1.23\snakeyaml-1.23-android.jar;D:\JetBrains\IntelliJ IDEA 2021.3\apache-maven-3.8.4\repo\com\github\mifmif\generex\1.0.2\generex-1.0.2.jar;D:\JetBrains\IntelliJ IDEA 2021.3\apache-maven-3.8.4\repo\dk\brics\automaton\automaton\1.11-8\automaton-1.11-8.jar;D:\JetBrains\IntelliJ IDEA 2021.3\apache-maven-3.8.4\repo\org\slf4j\slf4j-simple\2.0.0-alpha5\slf4j-simple-2.0.0-alpha5.jar;"/>
    <property name="sun.cpu.endian" value="little"/>
    <property name="allure.results.directory" value="D:\Java_dianshang2\target/allure-results"/>
    <property name="user.home" value="C:\Users\Administrator"/>
    <property name="user.language" value="zh"/>
    <property name="java.specification.vendor" value="Oracle Corporation"/>
    <property name="java.home" value="D:\Java\jdk1.8.0_311\jre"/>
    <property name="basedir" value="D:\Java_dianshang2"/>
    <property name="file.separator" value="\"/>
    <property name="line.separator" value="&#10;"/>
    <property name="java.vm.specification.vendor" value="Oracle Corporation"/>
    <property name="java.specification.name" value="Java Platform API Specification"/>
    <property name="java.awt.graphicsenv" value="sun.awt.Win32GraphicsEnvironment"/>
    <property name="surefire.real.class.path" value="C:\Users\ADMINI~1\AppData\Local\Temp\surefire126917281192468078\surefirebooter8336575914269357276.jar;D:\JetBrains\IntelliJ IDEA 2021.3\apache-maven-3.8.4\repo/org/aspectj/aspectjweaver/1.8.10/aspectjweaver-1.8.10.jar"/>
    <property name="sun.boot.class.path" value="D:\Java\jdk1.8.0_311\jre\lib\resources.jar;D:\Java\jdk1.8.0_311\jre\lib\rt.jar;D:\Java\jdk1.8.0_311\jre\lib\sunrsasign.jar;D:\Java\jdk1.8.0_311\jre\lib\jsse.jar;D:\Java\jdk1.8.0_311\jre\lib\jce.jar;D:\Java\jdk1.8.0_311\jre\lib\charsets.jar;D:\Java\jdk1.8.0_311\jre\lib\jfr.jar;D:\Java\jdk1.8.0_311\jre\classes"/>
    <property name="user.script" value=""/>
    <property name="sun.management.compiler" value="HotSpot 64-Bit Tiered Compilers"/>
    <property name="java.runtime.version" value="1.8.0_311-b11"/>
    <property name="user.name" value="Administrator"/>
    <property name="path.separator" value=";"/>
    <property name="os.version" value="10.0"/>
    <property name="java.endorsed.dirs" value="D:\Java\jdk1.8.0_311\jre\lib\endorsed"/>
    <property name="java.runtime.name" value="Java(TM) SE Runtime Environment"/>
    <property name="file.encoding" value="UTF-8"/>
    <property name="java.vm.name" value="Java HotSpot(TM) 64-Bit Server VM"/>
    <property name="localRepository" value="D:\JetBrains\IntelliJ IDEA 2021.3\apache-maven-3.8.4\repo"/>
    <property name="java.vendor.url.bug" value="http://bugreport.sun.com/bugreport/"/>
    <property name="java.io.tmpdir" value="C:\Users\ADMINI~1\AppData\Local\Temp\"/>
    <property name="java.version" value="1.8.0_311"/>
    <property name="user.dir" value="D:\Java_dianshang2"/>
    <property name="os.arch" value="amd64"/>
    <property name="java.vm.specification.name" value="Java Virtual Machine Specification"/>
    <property name="java.awt.printerjob" value="sun.awt.windows.WPrinterJob"/>
    <property name="sun.os.patch.level" value=""/>
    <property name="java.library.path" value="D:\Java\jdk1.8.0_311\jre\bin;C:\windows\Sun\Java\bin;C:\windows\system32;C:\windows;D:\Java\jdk1.8.0_311\bin;C:\windows\system32;C:\windows;C:\windows\System32\Wbem;C:\windows\System32\WindowsPowerShell\v1.0\;C:\windows\System32\OpenSSH\;C:\Program Files (x86)\Intel\Intel(R) Management Engine Components\DAL;C:\Program Files\Intel\Intel(R) Management Engine Components\DAL;D:\JetBrains\IntelliJ IDEA 2021.3\apache-maven-3.8.4\bin;C:\Program Files\Git\cmd;C:\Users\Administrator\AppData\Local\Microsoft\WindowsApps;;."/>
    <property name="java.vm.info" value="mixed mode"/>
    <property name="java.vendor" value="Oracle Corporation"/>
    <property name="java.vm.version" value="25.311-b11"/>
    <property name="java.ext.dirs" value="D:\Java\jdk1.8.0_311\jre\lib\ext;C:\windows\Sun\Java\lib\ext"/>
    <property name="sun.io.unicode.encoding" value="UnicodeLittle"/>
    <property name="java.class.version" value="52.0"/>
  </properties>
  <testcase name="addCart" classname="zidonghuaceshikuangjia.testcase.AddCart" time="3.533"/>
  <testcase name="testYwu" classname="zidonghuaceshikuangjia.testcase.AddCart" time="1.444"/>
  <testcase name="testLogin" classname="zidonghuaceshikuangjia.testcase.LoginTest" time="0.284"/>
  <testcase name="testLogin" classname="zidonghuaceshikuangjia.testcase.LoginTest" time="0.12"/>
  <testcase name="testLogin" classname="zidonghuaceshikuangjia.testcase.LoginTest" time="0.199"/>
  <testcase name="testLogin" classname="zidonghuaceshikuangjia.testcase.LoginTest" time="0.113"/>
  <testcase name="testLogin" classname="zidonghuaceshikuangjia.testcase.LoginTest" time="0.107"/>
  <testcase name="souSuo" classname="zidonghuaceshikuangjia.testcase.SouSuo" time="0.195"/>
  <testcase name="regist" classname="zidonghuaceshikuangjia.testcase.Regist" time="2.197">
    <failure message="expected [200] but found [400]" type="java.lang.AssertionError">java.lang.AssertionError: expected [200] but found [400]
	at zidonghuaceshikuangjia.testcase.Regist.regist(Regist.java:34)
</failure>
    <system-out><![CDATA[Request method:	PUT
Request URI:	http://mall.lemonban.com:8107/user/sendRegisterSms
Proxy:			<none>
Request params:	<none>
Query params:	<none>
Form params:	<none>
Path params:	<none>
Headers:		Accept=*/*
				Content-Type=application/json
Cookies:		<none>
Multiparts:		<none>
Body:
{
    "mobile": "15585797723"
}
HTTP/1.1 200 
Vary: Origin
Vary: Access-Control-Request-Method
Vary: Access-Control-Request-Headers
X-Content-Type-Options: nosniff
X-XSS-Protection: 1; mode=block
Cache-Control: no-cache, no-store, max-age=0, must-revalidate
Pragma: no-cache
Expires: 0
X-Frame-Options: DENY
Content-Length: 0
Date: Fri, 21 Jan 2022 08:43:17 GMT
Keep-Alive: timeout=60
Connection: keep-alive
129888
Request method:	PUT
Request URI:	http://mall.lemonban.com:8107/user/checkRegisterSms
Proxy:			<none>
Request params:	<none>
Query params:	<none>
Form params:	<none>
Path params:	<none>
Headers:		Accept=*/*
				Content-Type=application/json
Cookies:		<none>
Multiparts:		<none>
Body:
{
    "mobile": "15585797723",
    "validCode": "129888"
}
HTTP/1.1 200 
Vary: Origin
Vary: Access-Control-Request-Method
Vary: Access-Control-Request-Headers
X-Content-Type-Options: nosniff
X-XSS-Protection: 1; mode=block
Cache-Control: no-cache, no-store, max-age=0, must-revalidate
Pragma: no-cache
Expires: 0
X-Frame-Options: DENY
Content-Type: text/plain;charset=UTF-8
Content-Length: 32
Date: Fri, 21 Jan 2022 08:43:17 GMT
Keep-Alive: timeout=60
Connection: keep-alive

7597a2e67fbd4bb8a1a4ba842908e61a
Blanda
Request method:	PUT
Request URI:	http://mall.lemonban.com:8107/user/registerOrBindUser
Proxy:			<none>
Request params:	<none>
Query params:	<none>
Form params:	<none>
Path params:	<none>
Headers:		Accept=*/*
				Content-Type=application/json
Cookies:		<none>
Multiparts:		<none>
Body:
{
    "appType": 3,
    "checkRegisterSmsFlag": "7597a2e67fbd4bb8a1a4ba842908e61a",
    "mobile": "15585797723",
    "userName": "Blanda",
    "password": "123456",
    "registerOrBind": 1,
    "validateType": 1
}
HTTP/1.1 400 
Vary: Origin
Vary: Access-Control-Request-Method
Vary: Access-Control-Request-Headers
X-Content-Type-Options: nosniff
X-XSS-Protection: 1; mode=block
Cache-Control: no-cache, no-store, max-age=0, must-revalidate
Pragma: no-cache
Expires: 0
X-Frame-Options: DENY
Content-Type: text/plain;charset=UTF-8
Content-Length: 28
Date: Fri, 21 Jan 2022 08:43:18 GMT
Connection: close

The user name already exists
]]></system-out>
    <system-err><![CDATA[Fri Jan 21 16:43:24 CST 2022 WARN: Establishing SSL connection without server's identity verification is not recommended. According to MySQL 5.5.45+, 5.6.26+ and 5.7.6+ requirements SSL connection must be established by default if explicit option isn't set. For compliance with existing applications not using SSL the verifyServerCertificate property is set to 'false'. You need either to explicitly disable SSL by setting useSSL=false, or set useSSL=true and provide truststore for server certificate verification.
Fri Jan 21 16:43:25 CST 2022 WARN: Establishing SSL connection without server's identity verification is not recommended. According to MySQL 5.5.45+, 5.6.26+ and 5.7.6+ requirements SSL connection must be established by default if explicit option isn't set. For compliance with existing applications not using SSL the verifyServerCertificate property is set to 'false'. You need either to explicitly disable SSL by setting useSSL=false, or set useSSL=true and provide truststore for server certificate verification.
Fri Jan 21 16:43:26 CST 2022 WARN: Establishing SSL connection without server's identity verification is not recommended. According to MySQL 5.5.45+, 5.6.26+ and 5.7.6+ requirements SSL connection must be established by default if explicit option isn't set. For compliance with existing applications not using SSL the verifyServerCertificate property is set to 'false'. You need either to explicitly disable SSL by setting useSSL=false, or set useSSL=true and provide truststore for server certificate verification.
]]></system-err>
  </testcase>
</testsuite>