<?xml version="1.0" encoding="UTF-8"?>
<!-- Generated by org.testng.reporters.JUnitReportReporter -->
<testsuite skipped="0" hostname="MS-TSPFTITJOLQZ" name="zidonghuaceshikuangjia.testcase.SouSuo" tests="1" failures="0" timestamp="2022-01-21T16:43:26 CST" time="0.179" errors="0">
  <testcase name="souSuo" time="0.179" classname="zidonghuaceshikuangjia.testcase.SouSuo"/>
</testsuite> <!-- zidonghuaceshikuangjia.testcase.SouSuo -->
