<?xml version="1.0" encoding="UTF-8"?>
<!-- Generated by org.testng.reporters.JUnitReportReporter -->
<testsuite skipped="0" hostname="MS-TSPFTITJOLQZ" name="zidonghuaceshikuangjia.testcase.LoginTest" tests="5" failures="0" timestamp="2022-01-21T16:43:26 CST" time="0.822" errors="0">
  <testcase name="testLogin" time="0.119" classname="zidonghuaceshikuangjia.testcase.LoginTest"/>
  <testcase name="testLogin" time="0.284" classname="zidonghuaceshikuangjia.testcase.LoginTest"/>
  <testcase name="testLogin" time="0.106" classname="zidonghuaceshikuangjia.testcase.LoginTest"/>
  <testcase name="testLogin" time="0.121" classname="zidonghuaceshikuangjia.testcase.LoginTest"/>
  <testcase name="testLogin" time="0.192" classname="zidonghuaceshikuangjia.testcase.LoginTest"/>
</testsuite> <!-- zidonghuaceshikuangjia.testcase.LoginTest -->
