<?xml version="1.0" encoding="UTF-8"?>
<!-- Generated by org.testng.reporters.JUnitReportReporter -->
<testsuite skipped="0" hostname="MS-TSPFTITJOLQZ" name="zidonghuaceshikuangjia.testcase.AddCart" tests="2" failures="0" timestamp="2022-01-21T16:43:26 CST" time="4.974" errors="0">
  <testcase name="addCart" time="3.531" classname="zidonghuaceshikuangjia.testcase.AddCart"/>
  <testcase name="testYwu" time="1.443" classname="zidonghuaceshikuangjia.testcase.AddCart"/>
</testsuite> <!-- zidonghuaceshikuangjia.testcase.AddCart -->
